<?xml version="1.0" encoding="UTF-8"?>
<testng-results ignored="0" total="1" passed="1" failed="0" skipped="0">
  <reporter-output>
  </reporter-output>
  <suite started-at="2023-03-21T00:42:42 IST" name="Suite" finished-at="2023-03-21T00:43:21 IST" duration-ms="39133">
    <groups>
    </groups>
    <test started-at="2023-03-21T00:42:42 IST" name="Test" finished-at="2023-03-21T00:43:21 IST" duration-ms="39133">
      <class name="mcpizza.test.mcpizza_chatBot_Assignment_Test">
        <test-method is-config="true" signature="launcBrowser()[pri:0, instance:mcpizza.test.mcpizza_chatBot_Assignment_Test@350aac89]" started-at="2023-03-21T00:42:42 IST" name="launcBrowser" finished-at="2023-03-21T00:42:47 IST" duration-ms="4964" status="PASS">
          <reporter-output>
          </reporter-output>
        </test-method> <!-- launcBrowser -->
        <test-method signature="assignment()[pri:0, instance:mcpizza.test.mcpizza_chatBot_Assignment_Test@350aac89]" started-at="2023-03-21T00:42:47 IST" name="assignment" finished-at="2023-03-21T00:43:20 IST" duration-ms="33188" status="PASS">
          <reporter-output>
          </reporter-output>
        </test-method> <!-- assignment -->
        <test-method is-config="true" signature="tearDown()[pri:0, instance:mcpizza.test.mcpizza_chatBot_Assignment_Test@350aac89]" started-at="2023-03-21T00:43:20 IST" name="tearDown" finished-at="2023-03-21T00:43:21 IST" duration-ms="910" status="PASS">
          <reporter-output>
          </reporter-output>
        </test-method> <!-- tearDown -->
      </class> <!-- mcpizza.test.mcpizza_chatBot_Assignment_Test -->
    </test> <!-- Test -->
  </suite> <!-- Suite -->
</testng-results>
