<?xml version="1.0" encoding="UTF-8"?>
<testng-results ignored="0" total="1" passed="1" failed="0" skipped="0">
  <reporter-output>
  </reporter-output>
  <suite started-at="2023-03-20T23:42:36 IST" name="Default suite" finished-at="2023-03-20T23:43:01 IST" duration-ms="24161">
    <groups>
    </groups>
    <test started-at="2023-03-20T23:42:36 IST" name="Default test" finished-at="2023-03-20T23:43:01 IST" duration-ms="24161">
      <class name="mcpizza.test.mcpizza_chatBot_Assignment_Test">
        <test-method is-config="true" signature="launcBrowser()[pri:0, instance:mcpizza.test.mcpizza_chatBot_Assignment_Test@290222c1]" started-at="2023-03-20T23:42:36 IST" name="launcBrowser" finished-at="2023-03-20T23:42:40 IST" duration-ms="3659" status="PASS">
          <reporter-output>
          </reporter-output>
        </test-method> <!-- launcBrowser -->
        <test-method signature="assignment()[pri:0, instance:mcpizza.test.mcpizza_chatBot_Assignment_Test@290222c1]" started-at="2023-03-20T23:42:40 IST" name="assignment" finished-at="2023-03-20T23:42:59 IST" duration-ms="19305" status="PASS">
          <reporter-output>
          </reporter-output>
        </test-method> <!-- assignment -->
        <test-method is-config="true" signature="tearDown()[pri:0, instance:mcpizza.test.mcpizza_chatBot_Assignment_Test@290222c1]" started-at="2023-03-20T23:42:59 IST" name="tearDown" finished-at="2023-03-20T23:43:01 IST" duration-ms="1138" status="PASS">
          <reporter-output>
          </reporter-output>
        </test-method> <!-- tearDown -->
      </class> <!-- mcpizza.test.mcpizza_chatBot_Assignment_Test -->
    </test> <!-- Default test -->
  </suite> <!-- Default suite -->
</testng-results>
